Building DAG of jobs...
Using shell: /usr/bin/bash
Provided cores: 4
Rules claiming more threads will be scaled down.
Job counts:
	count	jobs
	1	all
	1	bcftools_call
	3	bwa_map
	1	report
	3	samtools_index
	3	samtools_sort
	12

[Sun Feb 14 16:40:16 2021]
Job 10: executing bwa mem on the following data/genome.fa data/samples/B.fastq to generate the following mapped_reads/B.bam


[Sun Feb 14 16:40:17 2021]
Job 11: executing bwa mem on the following data/genome.fa data/samples/C.fastq to generate the following mapped_reads/C.bam


[Sun Feb 14 16:40:17 2021]
Job 9: executing bwa mem on the following data/genome.fa data/samples/A.fastq to generate the following mapped_reads/A.bam

[Sun Feb 14 16:40:18 2021]
Finished job 9.
1 of 12 steps (8%) done
[Sun Feb 14 16:40:18 2021]
Finished job 10.
2 of 12 steps (17%) done
[Sun Feb 14 16:40:18 2021]
Finished job 11.
3 of 12 steps (25%) done

[Sun Feb 14 16:40:18 2021]
Job 4: sorting the mapped_reads/B.bam and store it in sorted_reads/B.bam


[Sun Feb 14 16:40:18 2021]
Job 3: sorting the mapped_reads/A.bam and store it in sorted_reads/A.bam


[Sun Feb 14 16:40:18 2021]
Job 5: sorting the mapped_reads/C.bam and store it in sorted_reads/C.bam

[Sun Feb 14 16:40:19 2021]
Finished job 4.
4 of 12 steps (33%) done

[Sun Feb 14 16:40:19 2021]
Job 7: execute indexing on sorted_reads/B.bam for random access and safe it as sorted_reads/B.bam.bai

[Sun Feb 14 16:40:19 2021]
Finished job 3.
5 of 12 steps (42%) done

[Sun Feb 14 16:40:19 2021]
Job 6: execute indexing on sorted_reads/A.bam for random access and safe it as sorted_reads/A.bam.bai

[Sun Feb 14 16:40:19 2021]
Finished job 5.
6 of 12 steps (50%) done

[Sun Feb 14 16:40:19 2021]
Job 8: execute indexing on sorted_reads/C.bam for random access and safe it as sorted_reads/C.bam.bai

[Sun Feb 14 16:40:19 2021]
Finished job 7.
7 of 12 steps (58%) done
[Sun Feb 14 16:40:19 2021]
Finished job 6.
8 of 12 steps (67%) done
[Sun Feb 14 16:40:19 2021]
Finished job 8.
9 of 12 steps (75%) done

[Sun Feb 14 16:40:19 2021]
Job 1: aggregate all samples of sorted_reads/A.bam sorted_reads/B.bam sorted_reads/C.bam and sorted_reads/A.bam.bai sorted_reads/B.bam.bai sorted_reads/C.bam.bai. Also jointly call genomic variants on them. Stores it in calls/all.vcf

[Sun Feb 14 16:40:20 2021]
Finished job 1.
10 of 12 steps (83%) done

[Sun Feb 14 16:40:20 2021]
Job 2: creates a report of the calls/all.vcf

[Sun Feb 14 16:40:23 2021]
Finished job 2.
11 of 12 steps (92%) done

[Sun Feb 14 16:40:23 2021]
Job 0: executes all rules in this file

[Sun Feb 14 16:40:23 2021]
Finished job 0.
12 of 12 steps (100%) done
Complete log: /mnt/c/Users/manon/dataprocessing/snakemake-test/.snakemake/log/2021-02-14T164016.845230.snakemake.log
