Building DAG of jobs...
Using shell: /usr/bin/bash
Provided cores: 4
Rules claiming more threads will be scaled down.
Job counts:
	count	jobs
	1	all
	1	bcftools_call
	3	bwa_map
	1	report
	3	samtools_index
	3	samtools_sort
	12

[Sun Feb 14 16:11:55 2021]
Job 10: executing bwa mem on the following data/genome.fa data/samples/B.fastq to generate the following mapped_reads/B.bam


[Sun Feb 14 16:11:55 2021]
Job 11: executing bwa mem on the following data/genome.fa data/samples/C.fastq to generate the following mapped_reads/C.bam


[Sun Feb 14 16:11:55 2021]
Job 9: executing bwa mem on the following data/genome.fa data/samples/A.fastq to generate the following mapped_reads/A.bam

[Sun Feb 14 16:11:57 2021]
Finished job 10.
1 of 12 steps (8%) done

[Sun Feb 14 16:11:57 2021]
rule samtools_sort:
    input: mapped_reads/B.bam
    output: sorted_reads/B.bam
    jobid: 4
    wildcards: sample=B

[Sun Feb 14 16:11:57 2021]
Finished job 11.
2 of 12 steps (17%) done

[Sun Feb 14 16:11:57 2021]
rule samtools_sort:
    input: mapped_reads/C.bam
    output: sorted_reads/C.bam
    jobid: 5
    wildcards: sample=C

[Sun Feb 14 16:11:57 2021]
Finished job 9.
3 of 12 steps (25%) done

[Sun Feb 14 16:11:57 2021]
rule samtools_sort:
    input: mapped_reads/A.bam
    output: sorted_reads/A.bam
    jobid: 3
    wildcards: sample=A

[Sun Feb 14 16:11:57 2021]
Finished job 4.
4 of 12 steps (33%) done

[Sun Feb 14 16:11:57 2021]
rule samtools_index:
    input: sorted_reads/B.bam
    output: sorted_reads/B.bam.bai
    jobid: 7
    wildcards: sample=B

[Sun Feb 14 16:11:57 2021]
Finished job 5.
5 of 12 steps (42%) done

[Sun Feb 14 16:11:57 2021]
rule samtools_index:
    input: sorted_reads/C.bam
    output: sorted_reads/C.bam.bai
    jobid: 8
    wildcards: sample=C

[Sun Feb 14 16:11:57 2021]
Finished job 3.
6 of 12 steps (50%) done

[Sun Feb 14 16:11:57 2021]
rule samtools_index:
    input: sorted_reads/A.bam
    output: sorted_reads/A.bam.bai
    jobid: 6
    wildcards: sample=A

[Sun Feb 14 16:11:57 2021]
Finished job 7.
7 of 12 steps (58%) done
[Sun Feb 14 16:11:57 2021]
Finished job 8.
8 of 12 steps (67%) done
[Sun Feb 14 16:11:57 2021]
Finished job 6.
9 of 12 steps (75%) done

[Sun Feb 14 16:11:57 2021]
rule bcftools_call:
    input: data/genome.fa, sorted_reads/A.bam, sorted_reads/B.bam, sorted_reads/C.bam, sorted_reads/A.bam.bai, sorted_reads/B.bam.bai, sorted_reads/C.bam.bai
    output: calls/all.vcf
    jobid: 1

[Sun Feb 14 16:11:58 2021]
Finished job 1.
10 of 12 steps (83%) done

[Sun Feb 14 16:11:58 2021]
rule report:
    input: calls/all.vcf
    output: out.html
    jobid: 2

[Sun Feb 14 16:12:01 2021]
Finished job 2.
11 of 12 steps (92%) done

[Sun Feb 14 16:12:01 2021]
localrule all:
    input: calls/all.vcf, out.html
    jobid: 0

[Sun Feb 14 16:12:01 2021]
Finished job 0.
12 of 12 steps (100%) done
Complete log: /mnt/c/Users/manon/dataprocessing/snakemake-test/.snakemake/log/2021-02-14T161155.058935.snakemake.log
