Building DAG of jobs...
Using shell: /usr/bin/bash
Provided cores: 4
Rules claiming more threads will be scaled down.
Job counts:
	count	jobs
	1	all
	2	quantify_genes
	3

[Thu Feb 11 11:42:22 2021]
rule quantify_genes:
    input: genome.fa, data/Sample2.R1.fastq.gz, data/Sample2.R2.fastq.gz
    output: Sample2.txt
    jobid: 2
    wildcards: sample=Sample2


[Thu Feb 11 11:42:22 2021]
rule quantify_genes:
    input: genome.fa, data/Sample1.R1.fastq.gz, data/Sample1.R2.fastq.gz
    output: Sample1.txt
    jobid: 1
    wildcards: sample=Sample1

[Thu Feb 11 11:42:22 2021]
Finished job 2.
1 of 3 steps (33%) done
[Thu Feb 11 11:42:22 2021]
Finished job 1.
2 of 3 steps (67%) done

[Thu Feb 11 11:42:22 2021]
localrule all:
    input: Sample1.txt, Sample2.txt
    jobid: 0

[Thu Feb 11 11:42:22 2021]
Finished job 0.
3 of 3 steps (100%) done
Complete log: /mnt/c/Users/manon/dataprocessing/snakemake-test/.snakemake/log/2021-02-11T114222.614421.snakemake.log
