Building DAG of jobs...
Using shell: /usr/bin/bash
Provided cores: 4
Rules claiming more threads will be scaled down.
Job counts:
	count	jobs
	1	all
	1	bcftools_call
	3	bwa_map
	3	samtools_index
	3	samtools_sort
	11

[Sun Feb 14 16:06:38 2021]
Job 10: executing bwa mem on the following data/genome.fa data/samples/C.fastq to generate the following mapped_reads/C.bam


[Sun Feb 14 16:06:38 2021]
Job 8: executing bwa mem on the following data/genome.fa data/samples/A.fastq to generate the following mapped_reads/A.bam


[Sun Feb 14 16:06:38 2021]
Job 9: executing bwa mem on the following data/genome.fa data/samples/B.fastq to generate the following mapped_reads/B.bam

[Sun Feb 14 16:06:40 2021]
Finished job 9.
1 of 11 steps (9%) done
[Sun Feb 14 16:06:40 2021]
Finished job 10.
2 of 11 steps (18%) done
[Sun Feb 14 16:06:40 2021]
Finished job 8.
3 of 11 steps (27%) done

[Sun Feb 14 16:06:40 2021]
rule samtools_sort:
    input: mapped_reads/B.bam
    output: sorted_reads/B.bam
    jobid: 3
    wildcards: sample=B


[Sun Feb 14 16:06:40 2021]
rule samtools_sort:
    input: mapped_reads/C.bam
    output: sorted_reads/C.bam
    jobid: 4
    wildcards: sample=C


[Sun Feb 14 16:06:40 2021]
rule samtools_sort:
    input: mapped_reads/A.bam
    output: sorted_reads/A.bam
    jobid: 2
    wildcards: sample=A

[Sun Feb 14 16:06:40 2021]
Finished job 3.
4 of 11 steps (36%) done

[Sun Feb 14 16:06:40 2021]
rule samtools_index:
    input: sorted_reads/B.bam
    output: sorted_reads/B.bam.bai
    jobid: 6
    wildcards: sample=B

[Sun Feb 14 16:06:40 2021]
Finished job 4.
5 of 11 steps (45%) done

[Sun Feb 14 16:06:40 2021]
rule samtools_index:
    input: sorted_reads/C.bam
    output: sorted_reads/C.bam.bai
    jobid: 7
    wildcards: sample=C

[Sun Feb 14 16:06:40 2021]
Finished job 2.
6 of 11 steps (55%) done

[Sun Feb 14 16:06:40 2021]
rule samtools_index:
    input: sorted_reads/A.bam
    output: sorted_reads/A.bam.bai
    jobid: 5
    wildcards: sample=A

[Sun Feb 14 16:06:41 2021]
Finished job 6.
7 of 11 steps (64%) done
[Sun Feb 14 16:06:41 2021]
Finished job 7.
8 of 11 steps (73%) done
[Sun Feb 14 16:06:41 2021]
Finished job 5.
9 of 11 steps (82%) done

[Sun Feb 14 16:06:41 2021]
rule bcftools_call:
    input: data/genome.fa, sorted_reads/A.bam, sorted_reads/B.bam, sorted_reads/C.bam, sorted_reads/A.bam.bai, sorted_reads/B.bam.bai, sorted_reads/C.bam.bai
    output: calls/all.vcf
    jobid: 1

[Sun Feb 14 16:06:42 2021]
Finished job 1.
10 of 11 steps (91%) done

[Sun Feb 14 16:06:42 2021]
localrule all:
    input: calls/all.vcf
    jobid: 0

[Sun Feb 14 16:06:42 2021]
Finished job 0.
11 of 11 steps (100%) done
Complete log: /mnt/c/Users/manon/dataprocessing/snakemake-test/.snakemake/log/2021-02-14T160638.327453.snakemake.log
